<?xml version="1.0" encoding="UTF-8"?>
<!-- Generated by org.testng.reporters.JUnitReportReporter -->
<testsuite hostname="LAPTOP-B2GBGQ26" name="test.Test1_GoogleSearch_TestNG_Demo2" tests="1" failures="0" timestamp="12 Jun 2021 07:06:44 GMT" time="3.844" errors="0">
  <testcase name="googlesearch2" time="3.844" classname="test.Test1_GoogleSearch_TestNG_Demo2"/>
</testsuite> <!-- test.Test1_GoogleSearch_TestNG_Demo2 -->
