<?xml version="1.0" encoding="UTF-8"?>
<!-- Generated by org.testng.reporters.JUnitReportReporter -->
<testsuite hostname="LAPTOP-B2GBGQ26" name="demo.TestNGParametersDemo" tests="1" failures="0" timestamp="14 Jun 2021 18:31:12 GMT" time="0.005" errors="0">
  <testcase name="test" time="0.005" classname="demo.TestNGParametersDemo"/>
</testsuite> <!-- demo.TestNGParametersDemo -->
