<?xml version="1.0" encoding="UTF-8"?>
<!-- Generated by org.testng.reporters.JUnitReportReporter -->
<testsuite hostname="LAPTOP-B2GBGQ26" name="demo.TestNGPriorityDemo" tests="3" failures="0" timestamp="15 Jun 2021 18:43:28 GMT" time="0.008" errors="0">
  <testcase name="test1" time="0.001" classname="demo.TestNGPriorityDemo"/>
  <testcase name="test2" time="0.001" classname="demo.TestNGPriorityDemo"/>
  <testcase name="test3" time="0.006" classname="demo.TestNGPriorityDemo"/>
</testsuite> <!-- demo.TestNGPriorityDemo -->
