<?xml version="1.0" encoding="UTF-8"?>
<!-- Generated by org.testng.reporters.JUnitReportReporter -->
<testsuite hostname="LAPTOP-B2GBGQ26" name="test.ExtentReportDemoWithTestNG" tests="1" failures="0" timestamp="3 Jun 2021 12:18:58 GMT" time="2.092" errors="0">
  <testcase name="test1" time="2.092" classname="test.ExtentReportDemoWithTestNG"/>
</testsuite> <!-- test.ExtentReportDemoWithTestNG -->
