<?xml version="1.0" encoding="UTF-8"?>
<!-- Generated by org.testng.reporters.JUnitReportReporter -->
<testsuite hostname="LAPTOP-B2GBGQ26" name="demo.TestNGDependencyDemo" tests="3" failures="0" timestamp="15 Jun 2021 17:52:42 GMT" time="0.009" errors="0">
  <testcase name="test3" time="0.002" classname="demo.TestNGDependencyDemo"/>
  <testcase name="test2" time="0.007" classname="demo.TestNGDependencyDemo"/>
  <testcase name="test1" time="0.000" classname="demo.TestNGDependencyDemo"/>
</testsuite> <!-- demo.TestNGDependencyDemo -->
