<?xml version="1.0" encoding="UTF-8"?>
<!-- Generated by org.testng.reporters.JUnitReportReporter -->
<testsuite hostname="LAPTOP-B2GBGQ26" name="demo.TestNGIgnoreDemo" tests="2" failures="0" timestamp="15 Jun 2021 18:40:45 GMT" time="0.008" errors="0">
  <testcase name="test2" time="0.001" classname="demo.TestNGIgnoreDemo"/>
  <testcase name="test1" time="0.007" classname="demo.TestNGIgnoreDemo"/>
</testsuite> <!-- demo.TestNGIgnoreDemo -->
