<?xml version="1.0" encoding="UTF-8"?>
<!-- Generated by org.testng.reporters.JUnitReportReporter -->
<testsuite hostname="LAPTOP-B2GBGQ26" name="demo.TestNGGroupsDemo" tests="2" failures="0" timestamp="14 Jun 2021 18:09:38 GMT" time="0.006" errors="0">
  <testcase name="test3" time="0.000" classname="demo.TestNGGroupsDemo"/>
  <testcase name="test2" time="0.006" classname="demo.TestNGGroupsDemo"/>
</testsuite> <!-- demo.TestNGGroupsDemo -->
