<?xml version="1.0" encoding="UTF-8"?>
<!-- Generated by org.testng.reporters.JUnitReportReporter -->
<testsuite hostname="LAPTOP-B2GBGQ26" name="test.Test1_GoogleSearch_TestNG_Demo" tests="1" failures="0" timestamp="12 Jun 2021 07:06:44 GMT" time="2.503" errors="0">
  <testcase name="googlesearch" time="2.503" classname="test.Test1_GoogleSearch_TestNG_Demo"/>
</testsuite> <!-- test.Test1_GoogleSearch_TestNG_Demo -->
