<?xml version="1.0" encoding="UTF-8"?>
<!-- Generated by org.testng.reporters.JUnitReportReporter -->
<testsuite hostname="LAPTOP-B2GBGQ26" name="utils.ExcelDataProvider" tests="3" failures="0" timestamp="11 Jun 2021 08:32:26 GMT" time="12.330" errors="0">
  <testcase name="test1" time="2.924" classname="utils.ExcelDataProvider"/>
  <testcase name="test1" time="5.962" classname="utils.ExcelDataProvider"/>
  <testcase name="test1" time="3.444" classname="utils.ExcelDataProvider"/>
</testsuite> <!-- utils.ExcelDataProvider -->
